1steps= 0
2steps= 1
3steps= 7
4steps= 2
5steps= 5
6steps= 8
7steps= 16
8steps= 3
9steps= 19
10steps= 6
11steps= 14
12steps= 9
13steps= 9
14steps= 17
15steps= 17
16steps= 4
17steps= 12
18steps= 20
19steps= 20
20steps= 7
21steps= 7
22steps= 15
23steps= 15
24steps= 10
25steps= 23
26steps= 10
27steps= 111
28steps= 18
29steps= 18
30steps= 18
31steps= 106
32steps= 5
33steps= 26
34steps= 13
35steps= 13
36steps= 21
37steps= 21
38steps= 21
39steps= 34
40steps= 8
41steps= 109
42steps= 8
43steps= 29
44steps= 16
45steps= 16
46steps= 16
47steps= 104
48steps= 11
49steps= 24
50steps= 24
51steps= 24
52steps= 11
53steps= 11
54steps= 112
55steps= 112
56steps= 19
57steps= 32
58steps= 19
59steps= 32
60steps= 19
61steps= 19
62steps= 107
63steps= 107
64steps= 6
65steps= 27
66steps= 27
67steps= 27
68steps= 14
69steps= 14
70steps= 14
71steps= 102
72steps= 22
73steps= 115
74steps= 22
75steps= 14
76steps= 22
77steps= 22
78steps= 35
79steps= 35
80steps= 9
81steps= 22
82steps= 110
83steps= 110
84steps= 9
85steps= 9
86steps= 30
87steps= 30
88steps= 17
89steps= 30
90steps= 17
91steps= 92
92steps= 17
93steps= 17
94steps= 105
95steps= 105
96steps= 12
97steps= 118
98steps= 25
99steps= 25
100steps= 25
101steps= 25
102steps= 25
103steps= 87
104steps= 12
105steps= 38
106steps= 12
107steps= 100
108steps= 113
109steps= 113
110steps= 113
111steps= 69
112steps= 20
113steps= 12
114steps= 33
115steps= 33
116steps= 20
117steps= 20
118steps= 33
119steps= 33
120steps= 20
121steps= 95
122steps= 20
123steps= 46
124steps= 108
125steps= 108
126steps= 108
127steps= 46
128steps= 7
129steps= 121
130steps= 28
131steps= 28
132steps= 28
133steps= 28
134steps= 28
135steps= 41
136steps= 15
137steps= 90
138steps= 15
139steps= 41
140steps= 15
141steps= 15
142steps= 103
143steps= 103
144steps= 23
145steps= 116
146steps= 116
147steps= 116
148steps= 23
149steps= 23
150steps= 15
151steps= 15
152steps= 23
153steps= 36
154steps= 23
155steps= 85
156steps= 36
157steps= 36
158steps= 36
159steps= 54
160steps= 10
161steps= 98
162steps= 23
163steps= 23
164steps= 111
165steps= 111
166steps= 111
167steps= 67
168steps= 10
169steps= 49
170steps= 10
171steps= 124
172steps= 31
173steps= 31
174steps= 31
175steps= 80
176steps= 18
177steps= 31
178steps= 31
179steps= 31
180steps= 18
181steps= 18
182steps= 93
183steps= 93
184steps= 18
185steps= 44
186steps= 18
187steps= 44
188steps= 106
189steps= 106
190steps= 106
191steps= 44
192steps= 13
193steps= 119
194steps= 119
195steps= 119
196steps= 26
197steps= 26
198steps= 26
199steps= 119
200steps= 26
201steps= 18
202steps= 26
203steps= 39
204steps= 26
205steps= 26
206steps= 88
207steps= 88
208steps= 13
209steps= 39
210steps= 39
211steps= 39
212steps= 13
213steps= 13
214steps= 101
215steps= 101
216steps= 114
217steps= 26
218steps= 114
219steps= 52
220steps= 114
221steps= 114
222steps= 70
223steps= 70
224steps= 21
225steps= 52
226steps= 13
227steps= 13
228steps= 34
229steps= 34
230steps= 34
231steps= 127
232steps= 21
233steps= 83
234steps= 21
235steps= 127
236steps= 34
237steps= 34
238steps= 34
239steps= 52
240steps= 21
241steps= 21
242steps= 96
243steps= 96
244steps= 21
245steps= 21
246steps= 47
247steps= 47
248steps= 109
249steps= 47
250steps= 109
251steps= 65
252steps= 109
253steps= 109
254steps= 47
255steps= 47
256steps= 8
257steps= 122
258steps= 122
259steps= 122
260steps= 29
261steps= 29
262steps= 29
263steps= 78
264steps= 29
265steps= 122
266steps= 29
267steps= 21
268steps= 29
269steps= 29
270steps= 42
271steps= 42
272steps= 16
273steps= 29
274steps= 91
275steps= 91
276steps= 16
277steps= 16
278steps= 42
279steps= 42
280steps= 16
281steps= 42
282steps= 16
283steps= 60
284steps= 104
285steps= 104
286steps= 104
287steps= 42
288steps= 24
289steps= 29
290steps= 117
291steps= 117
292steps= 117
293steps= 117
294steps= 117
295steps= 55
296steps= 24
297steps= 73
298steps= 24
299steps= 117
300steps= 16
301steps= 16
302steps= 16
303steps= 42
304steps= 24
305steps= 37
306steps= 37
307steps= 37
308steps= 24
309steps= 24
310steps= 86
311steps= 86
312steps= 37
313steps= 130
314steps= 37
315steps= 37
316steps= 37
317steps= 37
318steps= 55
319steps= 55
320steps= 11
321steps= 24
322steps= 99
323steps= 99
324steps= 24
325steps= 24
326steps= 24
327steps= 143
328steps= 112
329steps= 50
330steps= 112
331steps= 24
332steps= 112
333steps= 112
334steps= 68
335steps= 68
336steps= 11
337steps= 112
338steps= 50
339steps= 50
340steps= 11
341steps= 11
342steps= 125
343steps= 125
344steps= 32
345steps= 125
346steps= 32
347steps= 125
348steps= 32
349steps= 32
350steps= 81
351steps= 81
352steps= 19
353steps= 125
354steps= 32
355steps= 32
356steps= 32
357steps= 32
358steps= 32
359steps= 50
360steps= 19
361steps= 45
362steps= 19
363steps= 45
364steps= 94
365steps= 94
366steps= 94
367steps= 45
368steps= 19
369steps= 19
370steps= 45
371steps= 45
372steps= 19
373steps= 19
374steps= 45
375steps= 45
376steps= 107
377steps= 63
378steps= 107
379steps= 58
380steps= 107
381steps= 107
382steps= 45
383steps= 45
384steps= 14
385steps= 32
386steps= 120
387steps= 120
388steps= 120
389steps= 120
390steps= 120
391steps= 120
392steps= 27
393steps= 58
394steps= 27
395steps= 76
396steps= 27
397steps= 27
398steps= 120
399steps= 120
400steps= 27
401steps= 19
402steps= 19
403steps= 19
404steps= 27
405steps= 27
406steps= 40
407steps= 40
408steps= 27
409steps= 40
410steps= 27
411steps= 133
412steps= 89
413steps= 89
414steps= 89
415steps= 133
416steps= 14
417steps= 133
418steps= 40
419steps= 40
420steps= 40
421steps= 40
422steps= 40
423steps= 32
424steps= 14
425steps= 58
426steps= 14
427steps= 53
428steps= 102
429steps= 102
430steps= 102
431steps= 40
432steps= 115
433steps= 27
434steps= 27
435steps= 27
436steps= 115
437steps= 115
438steps= 53
439steps= 53
440steps= 115
441steps= 27
442steps= 115
443steps= 53
444steps= 71
445steps= 71
446steps= 71
447steps= 97
448steps= 22
449steps= 115
450steps= 53
451steps= 53
452steps= 14
453steps= 14
454steps= 14
455steps= 40
456steps= 35
457steps= 128
458steps= 35
459steps= 128
460steps= 35
461steps= 35
462steps= 128
463steps= 128
464steps= 22
465steps= 35
466steps= 84
467steps= 84
468steps= 22
469steps= 22
470steps= 128
471steps= 128
472steps= 35
473steps= 35
474steps= 35
475steps= 27
476steps= 35
477steps= 35
478steps= 53
479steps= 53
480steps= 22
481steps= 48
482steps= 22
483steps= 22
484steps= 97
485steps= 97
486steps= 97
487steps= 141
488steps= 22
489steps= 48
490steps= 22
491steps= 141
492steps= 48
493steps= 48
494steps= 48
495steps= 97
496steps= 110
497steps= 22
498steps= 48
499steps= 48
500steps= 110
501steps= 110
502steps= 66
503steps= 66
504steps= 110
505steps= 61
506steps= 110
507steps= 35
508steps= 48
509steps= 48
510steps= 48
511steps= 61
512steps= 9
513steps= 35
514steps= 123
515steps= 123
516steps= 123
517steps= 123
518steps= 123
519steps= 61
520steps= 30
521steps= 123
522steps= 30
523steps= 123
524steps= 30
525steps= 30
526steps= 79
527steps= 79
528steps= 30
529steps= 30
530steps= 123
531steps= 123
532steps= 30
533steps= 30
534steps= 22
535steps= 22
536steps= 30
537steps= 22
538steps= 30
539steps= 48
540steps= 43
541steps= 43
542steps= 43
543steps= 136
544steps= 17
545steps= 43
546steps= 30
547steps= 30
548steps= 92
549steps= 92
550steps= 92
551steps= 43
552steps= 17
553steps= 136
554steps= 17
555steps= 30
556steps= 43
557